This is pdfTeX, Version 3.1415926-2.5-1.40.14 (TeX Live 2013) (format=pdflatex 2013.5.30)  6 JUL 2015 14:32
entering extended mode
 \write18 enabled.
 %&-line parsing enabled.
**heading.tex
(./heading.tex
LaTeX2e <2011/06/27>
Babel <3.9f> and hyphenation patterns for 78 languages loaded.
(./asme2ej.cls

LaTeX Warning: You have requested document class `asme2ej',
               but the document class provides `asme2e'.

Document Class: asme2e 2001/2/14 v2.0 Standard LaTeX document class
(/usr/local/texlive/2013/texmf-dist/tex/latex/base/ifthen.sty
Package: ifthen 2001/05/26 v1.1c Standard LaTeX ifthen package (DPC)
)
(/usr/local/texlive/2013/texmf-dist/tex/latex/psnfss/times.sty
Package: times 2005/04/12 PSNFSS-v9.2a (SPQR) 
)
(/usr/local/texlive/2013/texmf-dist/tex/latex/psnfss/mathptm.sty
Package: mathptm 2005/04/12 PSNFSS-v9.2a Times w/ Math (SPQR, WaS) 


Package mathptm Warning: This package is to be regarded as obsolete.
(mathptm)                See the PSNFSS documentation.

LaTeX Font Info:    Redeclaring symbol font `operators' on input line 31.
LaTeX Font Info:    Overwriting symbol font `operators' in version `normal'
(Font)                  OT1/cmr/m/n --> OT1/ptmcm/m/n on input line 31.
LaTeX Font Info:    Overwriting symbol font `operators' in version `bold'
(Font)                  OT1/cmr/bx/n --> OT1/ptmcm/m/n on input line 31.
LaTeX Font Info:    Redeclaring symbol font `letters' on input line 32.
LaTeX Font Info:    Overwriting symbol font `letters' in version `normal'
(Font)                  OML/cmm/m/it --> OML/ptmcm/m/it on input line 32.
LaTeX Font Info:    Overwriting symbol font `letters' in version `bold'
(Font)                  OML/cmm/b/it --> OML/ptmcm/m/it on input line 32.
LaTeX Font Info:    Redeclaring symbol font `symbols' on input line 33.
LaTeX Font Info:    Overwriting symbol font `symbols' in version `normal'
(Font)                  OMS/cmsy/m/n --> OMS/pzccm/m/n on input line 33.
LaTeX Font Info:    Overwriting symbol font `symbols' in version `bold'
(Font)                  OMS/cmsy/b/n --> OMS/pzccm/m/n on input line 33.
LaTeX Font Info:    Redeclaring symbol font `largesymbols' on input line 34.
LaTeX Font Info:    Overwriting symbol font `largesymbols' in version `normal'
(Font)                  OMX/cmex/m/n --> OMX/psycm/m/n on input line 34.
LaTeX Font Info:    Overwriting symbol font `largesymbols' in version `bold'
(Font)                  OMX/cmex/m/n --> OMX/psycm/m/n on input line 34.
\symbold=\mathgroup4
\symitalic=\mathgroup5
LaTeX Font Info:    Redeclaring math alphabet \mathbf on input line 37.
LaTeX Font Info:    Overwriting math alphabet `\mathbf' in version `normal'
(Font)                  OT1/cmr/bx/n --> OT1/ptm/bx/n on input line 37.
LaTeX Font Info:    Overwriting math alphabet `\mathbf' in version `bold'
(Font)                  OT1/cmr/bx/n --> OT1/ptm/bx/n on input line 37.
LaTeX Font Info:    Redeclaring math alphabet \mathit on input line 38.
LaTeX Font Info:    Overwriting math alphabet `\mathit' in version `normal'
(Font)                  OT1/cmr/m/it --> OT1/ptm/m/it on input line 38.
LaTeX Font Info:    Overwriting math alphabet `\mathit' in version `bold'
(Font)                  OT1/cmr/bx/it --> OT1/ptm/m/it on input line 38.
) (/usr/local/texlive/2013/texmf-dist/tex/generic/oberdiek/ifpdf.sty
Package: ifpdf 2011/01/30 v2.3 Provides the ifpdf switch (HO)
Package ifpdf Info: pdfTeX in PDF mode is detected.
)
Ten Point
LaTeX Font Info:    Try loading font information for OT1+phv on input line 301.

(/usr/local/texlive/2013/texmf-dist/tex/latex/psnfss/ot1phv.fd
File: ot1phv.fd 2001/06/04 scalable font definitions for OT1/phv.
)
\c@part=\count79
\c@section=\count80
\c@subsection=\count81
\c@subsubsection=\count82
\c@paragraph=\count83
\c@subparagraph=\count84
\tempbox=\box26
\c@figure=\count85
\c@table=\count86
\@authcnt=\count87
\@tmpcnt=\count88
\bibindent=\dimen102
\tempbox=\box27
\minute=\count89
\hour=\count90
)
(/usr/local/texlive/2013/texmf-dist/tex/latex/graphics/epsfig.sty
Package: epsfig 1999/02/16 v1.7a (e)psfig emulation (SPQR)

(/usr/local/texlive/2013/texmf-dist/tex/latex/graphics/graphicx.sty
Package: graphicx 1999/02/16 v1.0f Enhanced LaTeX Graphics (DPC,SPQR)

(/usr/local/texlive/2013/texmf-dist/tex/latex/graphics/keyval.sty
Package: keyval 1999/03/16 v1.13 key=value parser (DPC)
\KV@toks@=\toks14
)
(/usr/local/texlive/2013/texmf-dist/tex/latex/graphics/graphics.sty
Package: graphics 2009/02/05 v1.0o Standard LaTeX Graphics (DPC,SPQR)

(/usr/local/texlive/2013/texmf-dist/tex/latex/graphics/trig.sty
Package: trig 1999/03/16 v1.09 sin cos tan (DPC)
)
(/usr/local/texlive/2013/texmf-dist/tex/latex/latexconfig/graphics.cfg
File: graphics.cfg 2010/04/23 v1.9 graphics configuration of TeX Live
)
Package graphics Info: Driver file: pdftex.def on input line 91.

(/usr/local/texlive/2013/texmf-dist/tex/latex/pdftex-def/pdftex.def
File: pdftex.def 2011/05/27 v0.06d Graphics/color for pdfTeX

(/usr/local/texlive/2013/texmf-dist/tex/generic/oberdiek/infwarerr.sty
Package: infwarerr 2010/04/08 v1.3 Providing info/warning/error messages (HO)
)
(/usr/local/texlive/2013/texmf-dist/tex/generic/oberdiek/ltxcmds.sty
Package: ltxcmds 2011/11/09 v1.22 LaTeX kernel commands for general use (HO)
)
\Gread@gobject=\count91
))
\Gin@req@height=\dimen103
\Gin@req@width=\dimen104
)
\epsfxsize=\dimen105
\epsfysize=\dimen106
)
(/usr/local/texlive/2013/texmf-dist/tex/latex/minted/minted.sty
Package: minted 2011/09/17 v1.7 Yet another Pygments shim for LaTeX

(/usr/local/texlive/2013/texmf-dist/tex/latex/fancyvrb/fancyvrb.sty
Package: fancyvrb 2008/02/07

Style option: `fancyvrb' v2.7a, with DG/SPQR fixes, and firstline=lastline fix 
<2008/02/07> (tvz)
\FV@CodeLineNo=\count92
\FV@InFile=\read1
\FV@TabBox=\box28
\c@FancyVerbLine=\count93
\FV@StepNumber=\count94
\FV@OutFile=\write3
)
(/usr/local/texlive/2013/texmf-dist/tex/latex/xcolor/xcolor.sty
Package: xcolor 2007/01/21 v2.11 LaTeX color extensions (UK)

(/usr/local/texlive/2013/texmf-dist/tex/latex/latexconfig/color.cfg
File: color.cfg 2007/01/18 v1.5 color configuration of teTeX/TeXLive
)
Package xcolor Info: Driver file: pdftex.def on input line 225.
Package xcolor Info: Model `cmy' substituted by `cmy0' on input line 1337.
Package xcolor Info: Model `hsb' substituted by `rgb' on input line 1341.
Package xcolor Info: Model `RGB' extended on input line 1353.
Package xcolor Info: Model `HTML' substituted by `rgb' on input line 1355.
Package xcolor Info: Model `Hsb' substituted by `hsb' on input line 1356.
Package xcolor Info: Model `tHsb' substituted by `hsb' on input line 1357.
Package xcolor Info: Model `HSB' substituted by `hsb' on input line 1358.
Package xcolor Info: Model `Gray' substituted by `gray' on input line 1359.
Package xcolor Info: Model `wave' substituted by `hsb' on input line 1360.
)
(/usr/local/texlive/2013/texmf-dist/tex/latex/float/float.sty
Package: float 2001/11/08 v1.3d Float enhancements (AL)
\c@float@type=\count95
\float@exts=\toks15
\float@box=\box29
\@float@everytoks=\toks16
\@floatcapt=\box30
)
(/usr/local/texlive/2013/texmf-dist/tex/latex/tools/calc.sty
Package: calc 2007/08/22 v4.3 Infix arithmetic (KKT,FJ)
\calc@Acount=\count96
\calc@Bcount=\count97
\calc@Adimen=\dimen107
\calc@Bdimen=\dimen108
\calc@Askip=\skip41
\calc@Bskip=\skip42
LaTeX Info: Redefining \setlength on input line 76.
LaTeX Info: Redefining \addtolength on input line 77.
\calc@Ccount=\count98
\calc@Cskip=\skip43
)
(/usr/local/texlive/2013/texmf-dist/tex/latex/ifplatform/ifplatform.sty
Package: ifplatform 2010/10/22 v0.4 Testing for the operating system

(/usr/local/texlive/2013/texmf-dist/tex/generic/oberdiek/pdftexcmds.sty
Package: pdftexcmds 2011/11/29 v0.20 Utility functions of pdfTeX for LuaTeX (HO
)

(/usr/local/texlive/2013/texmf-dist/tex/generic/oberdiek/ifluatex.sty
Package: ifluatex 2010/03/01 v1.3 Provides the ifluatex switch (HO)
Package ifluatex Info: LuaTeX not detected.
)
Package pdftexcmds Info: LuaTeX not detected.
Package pdftexcmds Info: \pdf@primitive is available.
Package pdftexcmds Info: \pdf@ifprimitive is available.
Package pdftexcmds Info: \pdfdraftmode found.
)
(/usr/local/texlive/2013/texmf-dist/tex/generic/oberdiek/catchfile.sty
Package: catchfile 2011/03/01 v1.6 Catch the contents of a file (HO)

(/usr/local/texlive/2013/texmf-dist/tex/generic/oberdiek/etexcmds.sty
Package: etexcmds 2011/02/16 v1.5 Avoid name clashes with e-TeX commands (HO)
Package etexcmds Info: Could not find \expanded.
(etexcmds)             That can mean that you are not using pdfTeX 1.50 or
(etexcmds)             that some package has redefined \expanded.
(etexcmds)             In the latter case, load this package earlier.
))
runsystem(uname -s > "heading.w18")...executed.


(./heading.w18)
runsystem(rm -- "heading.w18")...executed.

)
\minted@bgbox=\box31
\minted@code=\write4
\@float@every@listing=\toks17
\c@listing=\count99
)
runsystem(which pygmentize && touch heading.aex)...executed.

runsystem(rm heading.aex)...executed.


(/usr/local/texlive/2013/texmf-dist/tex/latex/changepage/changepage.sty
Package: changepage 2009/10/20 v1.0c check page and change page layout
\c@cp@cntr=\count100
\cp@tempcnt=\count101
)
(/usr/local/texlive/2013/texmf-dist/tex/latex/amsmath/amsmath.sty
Package: amsmath 2013/01/14 v2.14 AMS math features
\@mathmargin=\skip44

For additional information on amsmath, use the `?' option.
(/usr/local/texlive/2013/texmf-dist/tex/latex/amsmath/amstext.sty
Package: amstext 2000/06/29 v2.01

(/usr/local/texlive/2013/texmf-dist/tex/latex/amsmath/amsgen.sty
File: amsgen.sty 1999/11/30 v2.0
\@emptytoks=\toks18
\ex@=\dimen109
))
(/usr/local/texlive/2013/texmf-dist/tex/latex/amsmath/amsbsy.sty
Package: amsbsy 1999/11/29 v1.2d
\pmbraise@=\dimen110
)
(/usr/local/texlive/2013/texmf-dist/tex/latex/amsmath/amsopn.sty
Package: amsopn 1999/12/14 v2.01 operator names
)
\inf@bad=\count102
LaTeX Info: Redefining \frac on input line 210.
\uproot@=\count103
\leftroot@=\count104
LaTeX Info: Redefining \overline on input line 306.
\classnum@=\count105
\DOTSCASE@=\count106
LaTeX Info: Redefining \ldots on input line 378.
LaTeX Info: Redefining \dots on input line 381.
LaTeX Info: Redefining \cdots on input line 466.
\Mathstrutbox@=\box32
\strutbox@=\box33
\big@size=\dimen111
LaTeX Font Info:    Redeclaring font encoding OML on input line 566.
LaTeX Font Info:    Redeclaring font encoding OMS on input line 567.
\macc@depth=\count107
\c@MaxMatrixCols=\count108
\dotsspace@=\muskip10
\c@parentequation=\count109
\dspbrk@lvl=\count110
\tag@help=\toks19
\row@=\count111
\column@=\count112
\maxfields@=\count113
\andhelp@=\toks20
\eqnshift@=\dimen112
\alignsep@=\dimen113
\tagshift@=\dimen114
\tagwidth@=\dimen115
\totwidth@=\dimen116
\lineht@=\dimen117
\@envbody=\toks21
\multlinegap=\skip45
\multlinetaggap=\skip46
\mathdisplay@stack=\toks22
LaTeX Info: Redefining \[ on input line 2665.
LaTeX Info: Redefining \] on input line 2666.
)
(/usr/local/texlive/2013/texmf-dist/tex/latex/subfiles/subfiles.sty
Package: subfiles 2012/05/23 Federico Garcia

(/usr/local/texlive/2013/texmf-dist/tex/latex/tools/verbatim.sty
Package: verbatim 2003/08/22 v1.5q LaTeX2e package for verbatim enhancements
\every@verbatim=\toks23
\verbatim@line=\toks24
\verbatim@in@stream=\read2
))
(/usr/local/texlive/2013/texmf-dist/tex/latex/hyperref/hyperref.sty
Package: hyperref 2012/11/06 v6.83m Hypertext links for LaTeX

(/usr/local/texlive/2013/texmf-dist/tex/generic/oberdiek/hobsub-hyperref.sty
Package: hobsub-hyperref 2012/05/28 v1.13 Bundle oberdiek, subset hyperref (HO)


(/usr/local/texlive/2013/texmf-dist/tex/generic/oberdiek/hobsub-generic.sty
Package: hobsub-generic 2012/05/28 v1.13 Bundle oberdiek, subset generic (HO)
Package: hobsub 2012/05/28 v1.13 Construct package bundles (HO)
Package hobsub Info: Skipping package `infwarerr' (already loaded).
Package hobsub Info: Skipping package `ltxcmds' (already loaded).
Package hobsub Info: Skipping package `ifluatex' (already loaded).
Package: ifvtex 2010/03/01 v1.5 Detect VTeX and its facilities (HO)
Package ifvtex Info: VTeX not detected.
Package: intcalc 2007/09/27 v1.1 Expandable calculations with integers (HO)
Package hobsub Info: Skipping package `ifpdf' (already loaded).
Package hobsub Info: Skipping package `etexcmds' (already loaded).
Package: kvsetkeys 2012/04/25 v1.16 Key value parser (HO)
Package: kvdefinekeys 2011/04/07 v1.3 Define keys (HO)
Package hobsub Info: Skipping package `pdftexcmds' (already loaded).
Package: pdfescape 2011/11/25 v1.13 Implements pdfTeX's escape features (HO)
Package: bigintcalc 2012/04/08 v1.3 Expandable calculations on big integers (HO
)
Package: bitset 2011/01/30 v1.1 Handle bit-vector datatype (HO)
Package: uniquecounter 2011/01/30 v1.2 Provide unlimited unique counter (HO)
)
Package hobsub Info: Skipping package `hobsub' (already loaded).
Package: letltxmacro 2010/09/02 v1.4 Let assignment for LaTeX macros (HO)
Package: hopatch 2012/05/28 v1.2 Wrapper for package hooks (HO)
Package: xcolor-patch 2011/01/30 xcolor patch
Package: atveryend 2011/06/30 v1.8 Hooks at the very end of document (HO)
Package atveryend Info: \enddocument detected (standard20110627).
Package: atbegshi 2011/10/05 v1.16 At begin shipout hook (HO)
Package: refcount 2011/10/16 v3.4 Data extraction from label references (HO)
Package: hycolor 2011/01/30 v1.7 Color options for hyperref/bookmark (HO)
)
(/usr/local/texlive/2013/texmf-dist/tex/generic/ifxetex/ifxetex.sty
Package: ifxetex 2010/09/12 v0.6 Provides ifxetex conditional
)
(/usr/local/texlive/2013/texmf-dist/tex/latex/oberdiek/auxhook.sty
Package: auxhook 2011/03/04 v1.3 Hooks for auxiliary files (HO)
)
(/usr/local/texlive/2013/texmf-dist/tex/latex/oberdiek/kvoptions.sty
Package: kvoptions 2011/06/30 v3.11 Key value format for package options (HO)
)
\@linkdim=\dimen118
\Hy@linkcounter=\count114
\Hy@pagecounter=\count115

(/usr/local/texlive/2013/texmf-dist/tex/latex/hyperref/pd1enc.def
File: pd1enc.def 2012/11/06 v6.83m Hyperref: PDFDocEncoding definition (HO)
)
\Hy@SavedSpaceFactor=\count116

(/usr/local/texlive/2013/texmf-dist/tex/latex/latexconfig/hyperref.cfg
File: hyperref.cfg 2002/06/06 v1.2 hyperref configuration of TeXLive
)
Package hyperref Info: Hyper figures OFF on input line 4443.
Package hyperref Info: Link nesting OFF on input line 4448.
Package hyperref Info: Hyper index ON on input line 4451.
Package hyperref Info: Plain pages OFF on input line 4458.
Package hyperref Info: Backreferencing OFF on input line 4463.
Package hyperref Info: Implicit mode ON; LaTeX internals redefined.
Package hyperref Info: Bookmarks ON on input line 4688.
\c@Hy@tempcnt=\count117

(/usr/local/texlive/2013/texmf-dist/tex/latex/url/url.sty
\Urlmuskip=\muskip11
Package: url 2006/04/12  ver 3.3  Verb mode for urls, etc.
)
LaTeX Info: Redefining \url on input line 5041.
\XeTeXLinkMargin=\dimen119
\Fld@menulength=\count118
\Field@Width=\dimen120
\Fld@charsize=\dimen121
Package hyperref Info: Hyper figures OFF on input line 6295.
Package hyperref Info: Link nesting OFF on input line 6300.
Package hyperref Info: Hyper index ON on input line 6303.
Package hyperref Info: backreferencing OFF on input line 6310.
Package hyperref Info: Link coloring OFF on input line 6315.
Package hyperref Info: Link coloring with OCG OFF on input line 6320.
Package hyperref Info: PDF/A mode OFF on input line 6325.
LaTeX Info: Redefining \ref on input line 6365.
LaTeX Info: Redefining \pageref on input line 6369.
\Hy@abspage=\count119
\c@Item=\count120
\c@Hfootnote=\count121
)

Package hyperref Message: Driver (autodetected): hpdftex.

(/usr/local/texlive/2013/texmf-dist/tex/latex/hyperref/hpdftex.def
File: hpdftex.def 2012/11/06 v6.83m Hyperref driver for pdfTeX
\Fld@listcount=\count122
\c@bookmark@seq@number=\count123

(/usr/local/texlive/2013/texmf-dist/tex/latex/oberdiek/rerunfilecheck.sty
Package: rerunfilecheck 2011/04/15 v1.7 Rerun checks for auxiliary files (HO)
Package uniquecounter Info: New unique counter `rerunfilecheck' on input line 2
82.
)
\Hy@SectionHShift=\skip47
)
(/usr/local/texlive/2013/texmf-dist/tex/latex/tabulary/tabulary.sty
Package: tabulary 2008/12/01 v0.9 tabulary package (DPC)

(/usr/local/texlive/2013/texmf-dist/tex/latex/tools/array.sty
Package: array 2008/09/09 v2.4c Tabular extension package (FMi)
\col@sep=\dimen122
\extrarowheight=\dimen123
\NC@list=\toks25
\extratabsurround=\skip48
\backup@length=\skip49
)
\TY@count=\count124
\TY@linewidth=\dimen124
\tymin=\dimen125
\tymax=\dimen126
\TY@tablewidth=\dimen127
)
(/usr/local/texlive/2013/texmf-dist/tex/latex/was/gensymb.sty
Package: gensymb 2003/07/02 v1.0 (WaS)
)
(/usr/local/texlive/2013/texmf-dist/tex/latex/booktabs/booktabs.sty
Package: booktabs 2005/04/14 v1.61803 publication quality tables
\heavyrulewidth=\dimen128
\lightrulewidth=\dimen129
\cmidrulewidth=\dimen130
\belowrulesep=\dimen131
\belowbottomsep=\dimen132
\aboverulesep=\dimen133
\abovetopsep=\dimen134
\cmidrulesep=\dimen135
\cmidrulekern=\dimen136
\defaultaddspace=\dimen137
\@cmidla=\count125
\@cmidlb=\count126
\@aboverulesep=\dimen138
\@belowrulesep=\dimen139
\@thisruleclass=\count127
\@lastruleclass=\count128
\@thisrulewidth=\dimen140
)
(./heading.aux)
\openout1 = `heading.aux'.

LaTeX Font Info:    Checking defaults for OML/cmm/m/it on input line 72.
LaTeX Font Info:    ... okay on input line 72.
LaTeX Font Info:    Checking defaults for T1/cmr/m/n on input line 72.
LaTeX Font Info:    ... okay on input line 72.
LaTeX Font Info:    Checking defaults for OT1/cmr/m/n on input line 72.
LaTeX Font Info:    ... okay on input line 72.
LaTeX Font Info:    Checking defaults for OMS/cmsy/m/n on input line 72.
LaTeX Font Info:    ... okay on input line 72.
LaTeX Font Info:    Checking defaults for OMX/cmex/m/n on input line 72.
LaTeX Font Info:    ... okay on input line 72.
LaTeX Font Info:    Checking defaults for U/cmr/m/n on input line 72.
LaTeX Font Info:    ... okay on input line 72.
LaTeX Font Info:    Checking defaults for PD1/pdf/m/n on input line 72.
LaTeX Font Info:    ... okay on input line 72.
LaTeX Font Info:    Try loading font information for OT1+ptm on input line 72.
 (/usr/local/texlive/2013/texmf-dist/tex/latex/psnfss/ot1ptm.fd
File: ot1ptm.fd 2001/06/04 font definitions for OT1/ptm.
) (/usr/local/texlive/2013/texmf-dist/tex/context/base/supp-pdf.mkii
[Loading MPS to PDF converter (version 2006.09.02).]
\scratchcounter=\count129
\scratchdimen=\dimen141
\scratchbox=\box34
\nofMPsegments=\count130
\nofMParguments=\count131
\everyMPshowfont=\toks26
\MPscratchCnt=\count132
\MPscratchDim=\dimen142
\MPnumerator=\count133
\makeMPintoPDFobject=\count134
\everyMPtoPDFconversion=\toks27
) (/usr/local/texlive/2013/texmf-dist/tex/latex/oberdiek/epstopdf-base.sty
Package: epstopdf-base 2010/02/09 v2.5 Base part for package epstopdf

(/usr/local/texlive/2013/texmf-dist/tex/latex/oberdiek/grfext.sty
Package: grfext 2010/08/19 v1.1 Manage graphics extensions (HO)
)
Package grfext Info: Graphics extension search list:
(grfext)             [.png,.pdf,.jpg,.mps,.jpeg,.jbig2,.jb2,.PNG,.PDF,.JPG,.JPE
G,.JBIG2,.JB2,.eps]
(grfext)             \AppendGraphicsExtensions on input line 452.

(/usr/local/texlive/2013/texmf-dist/tex/latex/latexconfig/epstopdf-sys.cfg
File: epstopdf-sys.cfg 2010/07/13 v1.3 Configuration of (r)epstopdf for TeX Liv
e
))
runsystem(pygmentize -S default -f latex > heading.pyg)...executed.


(./heading.pyg)
\AtBeginShipoutBox=\box35
Package hyperref Info: Link coloring OFF on input line 72.

(/usr/local/texlive/2013/texmf-dist/tex/latex/hyperref/nameref.sty
Package: nameref 2012/10/27 v2.43 Cross-referencing by name of section

(/usr/local/texlive/2013/texmf-dist/tex/generic/oberdiek/gettitlestring.sty
Package: gettitlestring 2010/12/03 v1.4 Cleanup title references (HO)
)
\c@section@level=\count135
)
LaTeX Info: Redefining \ref on input line 72.
LaTeX Info: Redefining \pageref on input line 72.
LaTeX Info: Redefining \nameref on input line 72.

(./heading.out) (./heading.out)
\@outlinefile=\write5
\openout5 = `heading.out'.

LaTeX Info: Redefining \celsius on input line 72.
Package gensymb Info: Faking symbols for \degree and \celsius on input line 72.



Package gensymb Warning: Not defining \perthousand.

LaTeX Info: Redefining \ohm on input line 72.
Package gensymb Info: Using \Omega for \ohm on input line 72.

Package gensymb Warning: Not defining \micro.

LaTeX Font Info:    Try loading font information for OT1+ptmcm on input line 75
.
(/usr/local/texlive/2013/texmf-dist/tex/latex/psnfss/ot1ptmcm.fd
File: ot1ptmcm.fd 2000/01/03 Fontinst v1.801 font definitions for OT1/ptmcm.
)
LaTeX Font Info:    Try loading font information for OML+ptmcm on input line 75
.

(/usr/local/texlive/2013/texmf-dist/tex/latex/psnfss/omlptmcm.fd
File: omlptmcm.fd 2000/01/03 Fontinst v1.801 font definitions for OML/ptmcm.
)
LaTeX Font Info:    Try loading font information for OMS+pzccm on input line 75
.

(/usr/local/texlive/2013/texmf-dist/tex/latex/psnfss/omspzccm.fd
File: omspzccm.fd 2000/01/03 Fontinst v1.801 font definitions for OMS/pzccm.
)
LaTeX Font Info:    Try loading font information for OMX+psycm on input line 75
.

(/usr/local/texlive/2013/texmf-dist/tex/latex/psnfss/omxpsycm.fd
File: omxpsycm.fd 2000/01/03 Fontinst v1.801 font definitions for OMX/psycm.
)
LaTeX Font Info:    Font shape `OT1/ptm/bx/n' in size <10> not available
(Font)              Font shape `OT1/ptm/b/n' tried instead on input line 75.
LaTeX Font Info:    Font shape `OT1/ptm/bx/n' in size <7.4> not available
(Font)              Font shape `OT1/ptm/b/n' tried instead on input line 75.
LaTeX Font Info:    Font shape `OT1/ptm/bx/n' in size <6> not available
(Font)              Font shape `OT1/ptm/b/n' tried instead on input line 75.

Underfull \hbox (badness 10000) detected at line 75
[]
 []

[1{/usr/local/texlive/2013/texmf-var/fonts/map/pdftex/updmap/pdftex.map}


]
<images/hyperloopAlphaSketch.png, id=50, 1157.32375pt x 803.0pt>
File: images/hyperloopAlphaSketch.png Graphic file (type png)

<use images/hyperloopAlphaSketch.png>
Package pdftex.def Info: images/hyperloopAlphaSketch.png used on input line 145
.
(pdftex.def)             Requested size: 371.28745pt x 257.61464pt.

Overfull \hbox (129.90536pt too wide) in paragraph at lines 145--146
 [][] 
 []

! Undefined control sequence.
l.185 ... to the source code can be found in \cref
                                                  {app:Github}
The control sequence at the end of the top line
of your error message was never \def'ed. If you have
misspelled it (e.g., `\hobx'), type `I' and the correct
spelling (e.g., `I\hbox'). Otherwise just continue,
and I'll forget about whatever was undefined.

[2 <./images/hyperloopAlphaSketch.png>]
<images/TopAssembly.png, id=71, 633.567pt x 429.2838pt>
File: images/TopAssembly.png Graphic file (type png)

<use images/TopAssembly.png>
Package pdftex.def Info: images/TopAssembly.png used on input line 252.
(pdftex.def)             Requested size: 321.77942pt x 218.0279pt.

Overfull \hbox (80.39734pt too wide) in paragraph at lines 252--253
 [][] 
 []

<images/podAssembly.png, id=74, 760.2804pt x 498.1812pt>
File: images/podAssembly.png Graphic file (type png)

<use images/podAssembly.png>
Package pdftex.def Info: images/podAssembly.png used on input line 265.
(pdftex.def)             Requested size: 321.77942pt x 210.85382pt.

Overfull \hbox (80.39734pt too wide) in paragraph at lines 265--266
 [][] 
 []

<images/compAssembly.png, id=77, 1123.0758pt x 815.2056pt>
File: images/compAssembly.png Graphic file (type png)

<use images/compAssembly.png>
Package pdftex.def Info: images/compAssembly.png used on input line 289.
(pdftex.def)             Requested size: 346.53343pt x 251.5294pt.

Overfull \hbox (105.15135pt too wide) in paragraph at lines 289--290
 [][] 
 []

[3 <./images/TopAssembly.png> <./images/podAssembly.png>]
<images/closedCapsule.png, id=93, 571.8966pt x 220.6644pt>
File: images/closedCapsule.png Graphic file (type png)

<use images/closedCapsule.png>
Package pdftex.def Info: images/closedCapsule.png used on input line 323.
(pdftex.def)             Requested size: 420.79546pt x 162.36652pt.

Overfull \hbox (179.41338pt too wide) in paragraph at lines 323--324
 [][] 
 []

<images/areaPlot.pdf, id=95, 794.97pt x 578.16pt>
File: images/areaPlot.pdf Graphic file (type pdf)
 <use images/areaPlot.pdf>
Package pdftex.def Info: images/areaPlot.pdf used on input line 352.
(pdftex.def)             Requested size: 445.5419pt x 324.04086pt.

Overfull \hbox (204.15982pt too wide) in paragraph at lines 352--353
 [][] 
 []


Underfull \hbox (badness 1270) in paragraph at lines 353--353
[]\OT1/phv/m/n/8 Fig. 6. []The re-quired area ra-tio reaches a min-i-mum value 
at
 []

<images/hollowCapsule.png, id=101, 571.8966pt x 220.6644pt>
File: images/hollowCapsule.png Graphic file (type png)

<use images/hollowCapsule.png>
Package pdftex.def Info: images/hollowCapsule.png used on input line 374.
(pdftex.def)             Requested size: 420.79546pt x 162.36652pt.

Overfull \hbox (179.41338pt too wide) in paragraph at lines 374--375
 [][] 
 []

[4 <./images/compAssembly.png> <./images/closedCapsule.png>]
<images/openCapsule.png, id=117, 571.8966pt x 220.6644pt>
File: images/openCapsule.png Graphic file (type png)

<use images/openCapsule.png>
Package pdftex.def Info: images/openCapsule.png used on input line 393.
(pdftex.def)             Requested size: 420.79546pt x 162.36652pt.

Overfull \hbox (179.41338pt too wide) in paragraph at lines 393--394
 [][] 
 []

<images/mach_vs_rad6.png, id=121, 578.16pt x 433.62pt>
File: images/mach_vs_rad6.png Graphic file (type png)

<use images/mach_vs_rad6.png>
Package pdftex.def Info: images/mach_vs_rad6.png used on input line 424.
(pdftex.def)             Requested size: 396.04144pt x 297.02791pt.

Overfull \hbox (154.65936pt too wide) in paragraph at lines 424--425
 [][] 
 []


Underfull \vbox (badness 7869) has occurred while \output is active []

 [5 <./images/areaPlot.pdf> <./images/hollowCapsule.png> <./images/openCapsule.
png>]
Missing character: There is no “ in font ptmr7t!
Missing character: There is no ” in font ptmr7t!

<images/velocity_profile3.png, id=202, 796.4154pt x 519.3804pt>
File: images/velocity_profile3.png Graphic file (type png)

<use images/velocity_profile3.png>
Package pdftex.def Info: images/velocity_profile3.png used on input line 461.
(pdftex.def)             Requested size: 346.53343pt x 225.99203pt.

Overfull \hbox (105.15135pt too wide) in paragraph at lines 461--462
 [][] 
 []

<images/battery_plot.pdf, id=204, 585.81187pt x 433.62pt>
File: images/battery_plot.pdf Graphic file (type pdf)

<use images/battery_plot.pdf>
Package pdftex.def Info: images/battery_plot.pdf used on input line 481.
(pdftex.def)             Requested size: 445.5419pt x 329.80605pt.

Overfull \hbox (204.15982pt too wide) in paragraph at lines 481--483
 [][] 
 []

[6 <./images/mach_vs_rad6.png> <./images/velocity_profile3.png>]

Package hyperref Warning: Difference (2) between bookmark levels is greater 
(hyperref)                than one, level fixed on input line 529.


Overfull \hbox (13.4436pt too wide) detected at line 548
[] [] \OT1/ptmcm/m/n/10 = []
 []


Overfull \hbox (39.86685pt too wide) in paragraph at lines 563--569
 [][] 
 []

[7 <./images/battery_plot.pdf>]
! Undefined control sequence.
l.581 ...nd in the heat exchanger section of \cref
                                                  {app:heatX}.
The control sequence at the end of the top line
of your error message was never \def'ed. If you have
misspelled it (e.g., `\hobx'), type `I' and the correct
spelling (e.g., `I\hbox'). Otherwise just continue,
and I'll forget about whatever was undefined.

[8]
Underfull \hbox (badness 10000) in paragraph at lines 705--714
[]\OT1/ptm/m/n/10 where $\OML/ptmcm/m/it/10 Ra$ \OT1/ptm/m/n/10 is the Rayleigh
 num-ber ($[]\OT1/ptmcm/m/n/10 [\OML/ptmcm/m/it/10 T[] \OMS/pzccm/m/n/10 ^^@
 []


Underfull \hbox (badness 1454) in paragraph at lines 705--714
\OML/ptmcm/m/it/10 T[]\OT1/ptmcm/m/n/10 ]\OML/ptmcm/m/it/10 D[]$\OT1/ptm/m/n/10
 ) and Pr is the Prandtl num-ber ($[]$). The
 []


Package tabulary Warning: No suitable columns! on input line 754.


Overfull \hbox (29.87505pt too wide) in paragraph at lines 754--755
 [][] 
 []

<images/histo.pdf, id=257, 578.16pt x 433.62pt>
File: images/histo.pdf Graphic file (type pdf)
 <use images/histo.pdf>
Package pdftex.def Info: images/histo.pdf used on input line 771.
(pdftex.def)             Requested size: 445.5419pt x 334.15309pt.

Overfull \hbox (204.15982pt too wide) in paragraph at lines 771--774
 [][] 
 []

Missing character: There is no “ in font ptmr7t!
Missing character: There is no ” in font ptmr7t!

Underfull \vbox (badness 10000) has occurred while \output is active []

 [9 <./images/histo.pdf>]
LaTeX Font Info:    Try loading font information for OT1+pcr on input line 813.

 (/usr/local/texlive/2013/texmf-dist/tex/latex/psnfss/ot1pcr.fd
File: ot1pcr.fd 2001/06/04 font definitions for OT1/pcr.
)
(./heading.bbl)
Underfull \hbox (badness 1325) in paragraph at lines 848--854
[]\OT1/ptm/m/n/10 The pre-sented mod-els were built ex-clu-sively us-ing
 []


Underfull \hbox (badness 1874) in paragraph at lines 858--863
[]\OT1/ptm/m/n/10 Online doc-u-men-ta-tion can be found at: []$\OT1/pcr/m/n/10 
<[]http :
 []


Underfull \hbox (badness 10000) in paragraph at lines 858--863
\OT1/pcr/m/n/10 / / openmdao-[]plugins . github . io / Hyperloop>[]$[]
 []


Underfull \hbox (badness 10000) in paragraph at lines 866--869
[]\OT1/ptm/m/n/10 To use the Hy-per-loop model, run the file
 []


Underfull \hbox (badness 10000) in paragraph at lines 866--869
\OML/ptmcm/m/it/10 src\OMS/pzccm/m/n/10 n\OML/ptmcm/m/it/10 hyperloop\OMS/pzccm
/m/n/10 n\OML/ptmcm/m/it/10 hyperloop[]sim:py$ \OT1/ptm/m/n/10 in the Hy-per-lo
op
 []

runsystem(pygmentize -l python -f latex -F tokenmerge             -P "verboptio
ns= ,fontsize=\tiny " -o heading.out.pyg code/example1.py)...executed.

(./heading.out.pyg
LaTeX Font Info:    Font shape `OT1/pcr/bx/n' in size <5> not available
(Font)              Font shape `OT1/pcr/b/n' tried instead on input line 2.
LaTeX Font Info:    Font shape `OT1/pcr/m/it' in size <5> not available
(Font)              Font shape `OT1/pcr/m/sl' tried instead on input line 14.
 [10])
runsystem(rm heading.out.pyg)...executed.

runsystem(pygmentize -l python -f latex -F tokenmerge             -P "verboptio
ns= ,fontsize=\tiny " -o heading.out.pyg code/example2.py)...executed.

 (./heading.out.pyg)
runsystem(rm heading.out.pyg)...executed.

runsystem(pygmentize -l python -f latex -F tokenmerge             -P "verboptio
ns= ,fontsize=\tiny " -o heading.out.pyg code/example3.py)...executed.

 (./heading.out.pyg)
runsystem(rm heading.out.pyg)...executed.

Missing character: There is no ‘ in font ptmr7t!
Missing character: There is no ’ in font ptmr7t!
Missing character: There is no ‘ in font ptmr7t!
Missing character: There is no ” in font ptmr7t!
Missing character: There is no ” in font ptmr7t!
Missing character: There is no ’ in font ptmr7t!
Missing character: There is no ‘ in font ptmr7t!
Missing character: There is no ’ in font ptmr7t!

<images/hyperloop_cad.png, id=319, 1660.2025pt x 1003.75pt>
File: images/hyperloop_cad.png Graphic file (type png)

<use images/hyperloop_cad.png>
Package pdftex.def Info: images/hyperloop_cad.png used on input line 901.
(pdftex.def)             Requested size: 495.04993pt x 299.30472pt.

Overfull \hbox (253.66785pt too wide) in paragraph at lines 901--902
 [][] 
 []


Underfull \vbox (badness 10000) has occurred while \output is active []

 [11 <./images/hyperloop_cad.png>] [12]
Package atveryend Info: Empty hook `BeforeClearDocument' on input line 1053.
 [13]
Package atveryend Info: Empty hook `AfterLastShipout' on input line 1053.
 (./heading.aux)
Package atveryend Info: Executing hook `AtVeryEndDocument' on input line 1053.
Package atveryend Info: Executing hook `AtEndAfterFileList' on input line 1053.

Package rerunfilecheck Info: File `heading.out' has not changed.
(rerunfilecheck)             Checksum: 3D06FF42F149B086C657BD0620D3204B;521.


LaTeX Warning: Label(s) may have changed. Rerun to get cross-references right.

Package atveryend Info: Empty hook `AtVeryVeryEnd' on input line 1053.
 ) 
Here is how much of TeX's memory you used:
 7764 strings out of 493315
 112350 string characters out of 6137904
 216166 words of memory out of 5000000
 10944 multiletter control sequences out of 15000+600000
 50520 words of font info for 102 fonts, out of 8000000 for 9000
 957 hyphenation exceptions out of 8191
 37i,11n,37p,394b,483s stack positions out of 5000i,500n,10000p,200000b,80000s
{/usr/local/texlive/2013/texmf-dist/fonts/enc/dvips/base/8r.enc}</usr/local/t
exlive/2013/texmf-dist/fonts/type1/public/amsfonts/cm/cmex10.pfb></usr/local/te
xlive/2013/texmf-dist/fonts/type1/public/amsfonts/cm/cmmi10.pfb></usr/local/tex
live/2013/texmf-dist/fonts/type1/public/amsfonts/cm/cmr10.pfb></usr/local/texli
ve/2013/texmf-dist/fonts/type1/public/amsfonts/cm/cmsy10.pfb></usr/local/texliv
e/2013/texmf-dist/fonts/type1/urw/courier/ucrb8a.pfb></usr/local/texlive/2013/t
exmf-dist/fonts/type1/urw/courier/ucrr8a.pfb></usr/local/texlive/2013/texmf-dis
t/fonts/type1/urw/courier/ucrro8a.pfb></usr/local/texlive/2013/texmf-dist/fonts
/type1/urw/helvetic/uhvb8a.pfb></usr/local/texlive/2013/texmf-dist/fonts/type1/
urw/helvetic/uhvr8a.pfb></usr/local/texlive/2013/texmf-dist/fonts/type1/urw/sym
bol/usyr.pfb></usr/local/texlive/2013/texmf-dist/fonts/type1/urw/times/utmb8a.p
fb></usr/local/texlive/2013/texmf-dist/fonts/type1/urw/times/utmr8a.pfb></usr/l
ocal/texlive/2013/texmf-dist/fonts/type1/urw/times/utmri8a.pfb>
Output written on heading.pdf (13 pages, 3449657 bytes).
PDF statistics:
 414 PDF objects out of 1000 (max. 8388607)
 269 compressed objects within 3 object streams
 83 named destinations out of 1000 (max. 500000)
 130 words of extra memory for PDF output out of 10000 (max. 10000000)

